Traceback (most recent call last):
  File "/usr/local/python/3.12.1/lib/python3.12/site-packages/jupyter_cache/executors/utils.py", line 58, in single_nb_execution
    executenb(
  File "/home/codespace/.local/lib/python3.12/site-packages/nbclient/client.py", line 1314, in execute
    return NotebookClient(nb=nb, resources=resources, km=km, **kwargs).execute()
           ^^^^^^^^^^^^^^^^^^^^^^^^^^^^^^^^^^^^^^^^^^^^^^^^^^^^^^^^^^^^^^^^^^^^^
  File "/home/codespace/.local/lib/python3.12/site-packages/jupyter_core/utils/__init__.py", line 165, in wrapped
    return loop.run_until_complete(inner)
           ^^^^^^^^^^^^^^^^^^^^^^^^^^^^^^
  File "/usr/local/python/3.12.1/lib/python3.12/asyncio/base_events.py", line 684, in run_until_complete
    return future.result()
           ^^^^^^^^^^^^^^^
  File "/home/codespace/.local/lib/python3.12/site-packages/nbclient/client.py", line 709, in async_execute
    await self.async_execute_cell(
  File "/home/codespace/.local/lib/python3.12/site-packages/nbclient/client.py", line 1062, in async_execute_cell
    await self._check_raise_for_error(cell, cell_index, exec_reply)
  File "/home/codespace/.local/lib/python3.12/site-packages/nbclient/client.py", line 918, in _check_raise_for_error
    raise CellExecutionError.from_cell_and_msg(cell, exec_reply_content)
nbclient.exceptions.CellExecutionError: An error occurred while executing the following cell:
------------------
from sklearn.neighbors import LocalOutlierFactor
from sklearn.metrics import precision_score
import matplotlib.pyplot as plt
import numpy as np

# Membuat model LOF
# contamination adalah perkiraan proporsi outlier dalam data
lof = LocalOutlierFactor(n_neighbors=20, contamination=0.1)

# Menggunakan data fitur yang sudah dinormalisasi
X_normalized = data_final.drop('Diagnosis', axis=1)

# Melakukan prediksi outlier
y_pred = lof.fit_predict(X_normalized)
outlier_indices = np.where(y_pred == -1)[0]

print(f"Ditemukan {len(outlier_indices)} outlier.")

# Menampilkan indeks baris yang mengandung outlier
print("Indeks baris yang terdeteksi sebagai outlier:", outlier_indices)

# Menampilkan data pada baris yang mengandung outlier (sebelum normalisasi untuk interpretasi)
outlier_data = data.iloc[outlier_indices]
print("\nData pada baris yang mengandung outlier:")
print(outlier_data.head())
------------------


[0;31m---------------------------------------------------------------------------[0m
[0;31mNameError[0m                                 Traceback (most recent call last)
Cell [0;32mIn[11], line 11[0m
[1;32m      8[0m lof [38;5;241m=[39m LocalOutlierFactor(n_neighbors[38;5;241m=[39m[38;5;241m20[39m, contamination[38;5;241m=[39m[38;5;241m0.1[39m)
[1;32m     10[0m [38;5;66;03m# Menggunakan data fitur yang sudah dinormalisasi[39;00m
[0;32m---> 11[0m X_normalized [38;5;241m=[39m [43mdata_final[49m[38;5;241m.[39mdrop([38;5;124m'[39m[38;5;124mDiagnosis[39m[38;5;124m'[39m, axis[38;5;241m=[39m[38;5;241m1[39m)
[1;32m     13[0m [38;5;66;03m# Melakukan prediksi outlier[39;00m
[1;32m     14[0m y_pred [38;5;241m=[39m lof[38;5;241m.[39mfit_predict(X_normalized)

[0;31mNameError[0m: name 'data_final' is not defined

